<?xml version="1.0" encoding="UTF-8"?>
<testng-results total="4" passed="3" failed="1" skipped="0">
  <reporter-output>
  </reporter-output>
  <suite started-at="2022-03-18T13:48:18Z" name="Suite" finished-at="2022-03-18T13:48:35Z" duration-ms="16841">
    <groups>
    </groups>
    <test started-at="2022-03-18T13:48:18Z" name="TestTwo" finished-at="2022-03-18T13:48:27Z" duration-ms="8946">
      <class name="testcases.TwoTest">
        <test-method signature="twoTest()[pri:0, instance:testcases.TwoTest@c94fd30]" started-at="2022-03-18T19:18:18Z" name="twoTest" finished-at="2022-03-18T19:18:27Z" duration-ms="8907" status="PASS">
          <reporter-output>
          </reporter-output>
        </test-method> <!-- twoTest -->
      </class> <!-- testcases.TwoTest -->
    </test> <!-- TestTwo -->
    <test started-at="2022-03-18T13:48:18Z" name="TestThree" finished-at="2022-03-18T13:48:31Z" duration-ms="13030">
      <class name="testcases.ThreeTest">
        <test-method signature="thirdTest()[pri:0, instance:testcases.ThreeTest@29526c05]" started-at="2022-03-18T19:18:18Z" name="thirdTest" finished-at="2022-03-18T19:18:31Z" duration-ms="13014" status="PASS">
          <reporter-output>
          </reporter-output>
        </test-method> <!-- thirdTest -->
      </class> <!-- testcases.ThreeTest -->
    </test> <!-- TestThree -->
    <test started-at="2022-03-18T13:48:18Z" name="TestFour" finished-at="2022-03-18T13:48:32Z" duration-ms="13734">
      <class name="testcases.FourTest">
        <test-method signature="fourTest()[pri:0, instance:testcases.FourTest@5ba88be8]" started-at="2022-03-18T19:18:18Z" name="fourTest" finished-at="2022-03-18T19:18:31Z" duration-ms="13126" status="FAIL">
          <exception class="java.lang.AssertionError">
            <message>
              <![CDATA[expected [true] but found [false]]]>
            </message>
            <full-stacktrace>
              <![CDATA[java.lang.AssertionError: expected [true] but found [false]
	at org.testng.Assert.fail(Assert.java:94)
	at org.testng.Assert.failNotEquals(Assert.java:496)
	at org.testng.Assert.assertTrue(Assert.java:42)
	at org.testng.Assert.assertTrue(Assert.java:52)
	at testcases.FourTest.fourTest(FourTest.java:24)
	at java.base/jdk.internal.reflect.NativeMethodAccessorImpl.invoke0(Native Method)
	at java.base/jdk.internal.reflect.NativeMethodAccessorImpl.invoke(NativeMethodAccessorImpl.java:64)
	at java.base/jdk.internal.reflect.DelegatingMethodAccessorImpl.invoke(DelegatingMethodAccessorImpl.java:43)
	at java.base/java.lang.reflect.Method.invoke(Method.java:564)
	at org.testng.internal.MethodInvocationHelper.invokeMethod(MethodInvocationHelper.java:85)
	at org.testng.internal.Invoker.invokeMethod(Invoker.java:639)
	at org.testng.internal.Invoker.invokeTestMethod(Invoker.java:816)
	at org.testng.internal.Invoker.invokeTestMethods(Invoker.java:1124)
	at org.testng.internal.TestMethodWorker.invokeTestMethods(TestMethodWorker.java:125)
	at org.testng.internal.TestMethodWorker.run(TestMethodWorker.java:108)
	at org.testng.TestRunner.privateRun(TestRunner.java:774)
	at org.testng.TestRunner.run(TestRunner.java:624)
	at org.testng.SuiteRunner.runTest(SuiteRunner.java:359)
	at org.testng.SuiteRunner.access$000(SuiteRunner.java:39)
	at org.testng.SuiteRunner$SuiteWorker.run(SuiteRunner.java:393)
	at org.testng.internal.thread.ThreadUtil$2.call(ThreadUtil.java:64)
	at java.base/java.util.concurrent.FutureTask.run(FutureTask.java:264)
	at java.base/java.util.concurrent.ThreadPoolExecutor.runWorker(ThreadPoolExecutor.java:1130)
	at java.base/java.util.concurrent.ThreadPoolExecutor$Worker.run(ThreadPoolExecutor.java:630)
	at java.base/java.lang.Thread.run(Thread.java:832)
]]>
            </full-stacktrace>
          </exception> <!-- java.lang.AssertionError -->
          <reporter-output>
          </reporter-output>
        </test-method> <!-- fourTest -->
        <test-method is-config="true" signature="closure()[pri:0, instance:testcases.FourTest@5ba88be8]" started-at="2022-03-18T19:18:32Z" name="closure" finished-at="2022-03-18T19:18:32Z" duration-ms="154" status="PASS">
          <reporter-output>
          </reporter-output>
        </test-method> <!-- closure -->
      </class> <!-- testcases.FourTest -->
    </test> <!-- TestFour -->
    <test started-at="2022-03-18T13:48:18Z" name="LoginTest" finished-at="2022-03-18T13:48:35Z" duration-ms="16841">
      <class name="testcases.LoginTest">
        <test-method is-config="true" signature="openApplication()[pri:0, instance:testcases.LoginTest@528c868]" started-at="2022-03-18T19:18:18Z" name="openApplication" finished-at="2022-03-18T19:18:29Z" duration-ms="11065" status="PASS">
          <reporter-output>
          </reporter-output>
        </test-method> <!-- openApplication -->
        <test-method signature="login(java.lang.String, java.lang.String, java.lang.String)[pri:0, instance:testcases.LoginTest@528c868]" started-at="2022-03-18T19:18:29Z" name="login" data-provider="getLoginData" finished-at="2022-03-18T19:18:34Z" duration-ms="4730" status="PASS">
          <params>
            <param index="0">
              <value>
                <![CDATA[adarsh640@gmail.com]]>
              </value>
            </param>
            <param index="1">
              <value>
                <![CDATA[12345]]>
              </value>
            </param>
            <param index="2">
              <value>
                <![CDATA[Sucessfull]]>
              </value>
            </param>
          </params>
          <reporter-output>
          </reporter-output>
        </test-method> <!-- login -->
        <test-method is-config="true" signature="closure()[pri:0, instance:testcases.LoginTest@528c868]" started-at="2022-03-18T19:18:34Z" name="closure" finished-at="2022-03-18T19:18:35Z" duration-ms="1027" status="PASS">
          <reporter-output>
          </reporter-output>
        </test-method> <!-- closure -->
      </class> <!-- testcases.LoginTest -->
    </test> <!-- LoginTest -->
  </suite> <!-- Suite -->
</testng-results>
